<?xml version="1.0" encoding="UTF-8"?>
<coverage generated="1705285404032" clover="3.2.0">
  <project timestamp="1705285404032" name="All files">
    <metrics statements="117" coveredstatements="112" conditionals="56" coveredconditionals="46" methods="21" coveredmethods="21" elements="194" coveredelements="179" complexity="0" loc="117" ncloc="117" packages="1" files="2" classes="2"/>
    <file name="helpers.js" path="/Users/ming/Desktop/CryptoSniper/public/js/helpers.js">
      <metrics statements="29" coveredstatements="29" conditionals="15" coveredconditionals="13" methods="6" coveredmethods="6"/>
      <line num="5" count="6" type="cond" truecount="2" falsecount="0"/>
      <line num="7" count="2" type="stmt"/>
      <line num="8" count="2" type="stmt"/>
      <line num="9" count="4" type="cond" truecount="2" falsecount="0"/>
      <line num="11" count="2" type="stmt"/>
      <line num="12" count="2" type="stmt"/>
      <line num="15" count="2" type="stmt"/>
      <line num="21" count="2" type="stmt"/>
      <line num="22" count="8" type="cond" truecount="2" falsecount="0"/>
      <line num="30" count="2" type="stmt"/>
      <line num="31" count="2" type="stmt"/>
      <line num="33" count="2" type="stmt"/>
      <line num="34" count="5" type="stmt"/>
      <line num="36" count="5" type="stmt"/>
      <line num="37" count="20" type="stmt"/>
      <line num="38" count="20" type="stmt"/>
      <line num="40" count="20" type="cond" truecount="1" falsecount="1"/>
      <line num="41" count="20" type="stmt"/>
      <line num="43" count="20" type="cond" truecount="2" falsecount="0"/>
      <line num="48" count="1" type="stmt"/>
      <line num="49" count="1" type="stmt"/>
      <line num="50" count="1" type="stmt"/>
      <line num="55" count="4" type="stmt"/>
      <line num="56" count="16" type="stmt"/>
      <line num="57" count="16" type="cond" truecount="1" falsecount="1"/>
      <line num="60" count="8" type="stmt"/>
      <line num="66" count="4" type="stmt"/>
      <line num="70" count="4" type="stmt"/>
      <line num="81" count="1" type="stmt"/>
    </file>
    <file name="model.js" path="/Users/ming/Desktop/CryptoSniper/public/js/model.js">
      <metrics statements="88" coveredstatements="83" conditionals="41" coveredconditionals="33" methods="15" coveredmethods="15"/>
      <line num="5" count="4" type="stmt"/>
      <line num="7" count="4" type="stmt"/>
      <line num="8" count="16" type="stmt"/>
      <line num="10" count="16" type="cond" truecount="2" falsecount="0"/>
      <line num="11" count="9" type="stmt"/>
      <line num="14" count="7" type="stmt"/>
      <line num="15" count="28" type="stmt"/>
      <line num="17" count="7" type="cond" truecount="1" falsecount="1"/>
      <line num="18" count="7" type="stmt"/>
      <line num="21" count="7" type="stmt"/>
      <line num="22" count="7" type="stmt"/>
      <line num="23" count="7" type="stmt"/>
      <line num="25" count="7" type="cond" truecount="2" falsecount="0"/>
      <line num="26" count="2" type="stmt"/>
      <line num="29" count="5" type="stmt"/>
      <line num="30" count="5" type="stmt"/>
      <line num="31" count="20" type="cond" truecount="2" falsecount="0"/>
      <line num="32" count="5" type="stmt"/>
      <line num="34" count="19" type="stmt"/>
      <line num="35" count="5" type="stmt"/>
      <line num="39" count="5" type="stmt"/>
      <line num="43" count="4" type="stmt"/>
      <line num="48" count="4" type="stmt"/>
      <line num="49" count="4" type="stmt"/>
      <line num="50" count="16" type="stmt"/>
      <line num="52" count="16" type="stmt"/>
      <line num="53" count="16" type="stmt"/>
      <line num="54" count="16" type="stmt"/>
      <line num="55" count="16" type="stmt"/>
      <line num="56" count="16" type="stmt"/>
      <line num="57" count="16" type="stmt"/>
      <line num="58" count="16" type="stmt"/>
      <line num="59" count="16" type="stmt"/>
      <line num="60" count="16" type="stmt"/>
      <line num="62" count="16" type="cond" truecount="2" falsecount="0"/>
      <line num="63" count="9" type="stmt"/>
      <line num="66" count="7" type="stmt"/>
      <line num="67" count="18" type="stmt"/>
      <line num="68" count="18" type="stmt"/>
      <line num="69" count="18" type="stmt"/>
      <line num="71" count="18" type="stmt"/>
      <line num="72" count="18" type="stmt"/>
      <line num="74" count="18" type="cond" truecount="4" falsecount="0"/>
      <line num="75" count="7" type="stmt"/>
      <line num="76" count="7" type="cond" truecount="2" falsecount="0"/>
      <line num="77" count="2" type="cond" truecount="1" falsecount="1"/>
      <line num="78" count="2" type="stmt"/>
      <line num="81" count="2" type="stmt"/>
      <line num="84" count="11" type="stmt"/>
      <line num="85" count="11" type="stmt"/>
      <line num="87" count="11" type="stmt"/>
      <line num="88" count="11" type="stmt"/>
      <line num="91" count="11" type="cond" truecount="2" falsecount="0"/>
      <line num="92" count="3" type="cond" truecount="2" falsecount="0"/>
      <line num="93" count="8" type="cond" truecount="1" falsecount="1"/>
      <line num="94" count="8" type="cond" truecount="2" falsecount="0"/>
      <line num="97" count="11" type="cond" truecount="2" falsecount="0"/>
      <line num="98" count="9" type="cond" truecount="2" falsecount="0"/>
      <line num="99" count="4" type="stmt"/>
      <line num="102" count="9" type="stmt"/>
      <line num="107" count="4" type="stmt"/>
      <line num="112" count="29" type="cond" truecount="2" falsecount="5"/>
      <line num="114" count="10" type="stmt"/>
      <line num="116" count="0" type="stmt"/>
      <line num="118" count="19" type="stmt"/>
      <line num="120" count="0" type="stmt"/>
      <line num="122" count="0" type="stmt"/>
      <line num="124" count="0" type="stmt"/>
      <line num="126" count="0" type="stmt"/>
      <line num="132" count="4" type="stmt"/>
      <line num="134" count="7" type="stmt"/>
      <line num="135" count="4" type="stmt"/>
      <line num="138" count="7" type="stmt"/>
      <line num="139" count="4" type="stmt"/>
      <line num="140" count="4" type="stmt"/>
      <line num="141" count="6" type="stmt"/>
      <line num="144" count="4" type="cond" truecount="2" falsecount="0"/>
      <line num="146" count="1" type="stmt"/>
      <line num="149" count="3" type="stmt"/>
      <line num="150" count="5" type="stmt"/>
      <line num="151" count="5" type="stmt"/>
      <line num="152" count="8" type="stmt"/>
      <line num="154" count="5" type="stmt"/>
      <line num="157" count="3" type="cond" truecount="2" falsecount="0"/>
      <line num="158" count="1" type="stmt"/>
      <line num="162" count="2" type="stmt"/>
      <line num="163" count="3" type="stmt"/>
      <line num="166" count="2" type="stmt"/>
    </file>
  </project>
</coverage>
