{"/Users/ming/Desktop/CryptoSniper/public/js/helpers.js": {"path":"/Users/ming/Desktop/CryptoSniper/public/js/helpers.js","statementMap":{"0":{"start":{"line":5,"column":2},"end":{"line":16,"column":3}},"1":{"start":{"line":7,"column":28},"end":{"line":7,"column":65}},"2":{"start":{"line":8,"column":4},"end":{"line":8,"column":27}},"3":{"start":{"line":9,"column":9},"end":{"line":16,"column":3}},"4":{"start":{"line":11,"column":28},"end":{"line":11,"column":61}},"5":{"start":{"line":12,"column":4},"end":{"line":12,"column":27}},"6":{"start":{"line":15,"column":4},"end":{"line":15,"column":18}},"7":{"start":{"line":21,"column":2},"end":{"line":25,"column":4}},"8":{"start":{"line":22,"column":4},"end":{"line":24,"column":39}},"9":{"start":{"line":30,"column":26},"end":{"line":30,"column":27}},"10":{"start":{"line":31,"column":24},"end":{"line":31,"column":26}},"11":{"start":{"line":33,"column":2},"end":{"line":80,"column":3}},"12":{"start":{"line":33,"column":15},"end":{"line":33,"column":16}},"13":{"start":{"line":34,"column":25},"end":{"line":34,"column":76}},"14":{"start":{"line":36,"column":4},"end":{"line":53,"column":5}},"15":{"start":{"line":36,"column":17},"end":{"line":36,"column":18}},"16":{"start":{"line":37,"column":29},"end":{"line":37,"column":67}},"17":{"start":{"line":38,"column":27},"end":{"line":38,"column":47}},"18":{"start":{"line":40,"column":6},"end":{"line":52,"column":7}},"19":{"start":{"line":41,"column":27},"end":{"line":41,"column":49}},"20":{"start":{"line":43,"column":8},"end":{"line":51,"column":9}},"21":{"start":{"line":48,"column":10},"end":{"line":48,"column":37}},"22":{"start":{"line":49,"column":10},"end":{"line":49,"column":33}},"23":{"start":{"line":50,"column":10},"end":{"line":50,"column":22}},"24":{"start":{"line":55,"column":25},"end":{"line":58,"column":6}},"25":{"start":{"line":56,"column":27},"end":{"line":56,"column":75}},"26":{"start":{"line":57,"column":6},"end":{"line":57,"column":69}},"27":{"start":{"line":60,"column":31},"end":{"line":64,"column":7}},"28":{"start":{"line":60,"column":68},"end":{"line":64,"column":5}},"29":{"start":{"line":66,"column":28},"end":{"line":68,"column":11}},"30":{"start":{"line":70,"column":4},"end":{"line":79,"column":7}},"31":{"start":{"line":81,"column":2},"end":{"line":81,"column":23}}},"fnMap":{"0":{"name":"formatVolume","decl":{"start":{"line":4,"column":9},"end":{"line":4,"column":21}},"loc":{"start":{"line":4,"column":30},"end":{"line":17,"column":1}},"line":4},"1":{"name":"sortResultsByVolume","decl":{"start":{"line":20,"column":9},"end":{"line":20,"column":28}},"loc":{"start":{"line":20,"column":60},"end":{"line":26,"column":1}},"line":20},"2":{"name":"(anonymous_2)","decl":{"start":{"line":21,"column":31},"end":{"line":21,"column":32}},"loc":{"start":{"line":22,"column":4},"end":{"line":24,"column":39}},"line":22},"3":{"name":"extractFilterConditions","decl":{"start":{"line":29,"column":9},"end":{"line":29,"column":32}},"loc":{"start":{"line":29,"column":35},"end":{"line":82,"column":1}},"line":29},"4":{"name":"(anonymous_4)","decl":{"start":{"line":55,"column":65},"end":{"line":55,"column":66}},"loc":{"start":{"line":55,"column":75},"end":{"line":58,"column":5}},"line":55},"5":{"name":"(anonymous_5)","decl":{"start":{"line":60,"column":57},"end":{"line":60,"column":58}},"loc":{"start":{"line":60,"column":68},"end":{"line":64,"column":5}},"line":60}},"branchMap":{"0":{"loc":{"start":{"line":5,"column":2},"end":{"line":16,"column":3}},"type":"if","locations":[{"start":{"line":5,"column":2},"end":{"line":16,"column":3}},{"start":{"line":9,"column":9},"end":{"line":16,"column":3}}],"line":5},"1":{"loc":{"start":{"line":9,"column":9},"end":{"line":16,"column":3}},"type":"if","locations":[{"start":{"line":9,"column":9},"end":{"line":16,"column":3}},{"start":{"line":13,"column":9},"end":{"line":16,"column":3}}],"line":9},"2":{"loc":{"start":{"line":22,"column":4},"end":{"line":24,"column":39}},"type":"cond-expr","locations":[{"start":{"line":23,"column":8},"end":{"line":23,"column":39}},{"start":{"line":24,"column":8},"end":{"line":24,"column":39}}],"line":22},"3":{"loc":{"start":{"line":40,"column":6},"end":{"line":52,"column":7}},"type":"if","locations":[{"start":{"line":40,"column":6},"end":{"line":52,"column":7}},{"start":{},"end":{}}],"line":40},"4":{"loc":{"start":{"line":43,"column":8},"end":{"line":51,"column":9}},"type":"if","locations":[{"start":{"line":43,"column":8},"end":{"line":51,"column":9}},{"start":{},"end":{}}],"line":43},"5":{"loc":{"start":{"line":44,"column":10},"end":{"line":46,"column":26}},"type":"binary-expr","locations":[{"start":{"line":44,"column":10},"end":{"line":44,"column":39}},{"start":{"line":45,"column":10},"end":{"line":45,"column":25}},{"start":{"line":46,"column":10},"end":{"line":46,"column":26}}],"line":44},"6":{"loc":{"start":{"line":57,"column":22},"end":{"line":57,"column":66}},"type":"cond-expr","locations":[{"start":{"line":57,"column":37},"end":{"line":57,"column":59}},{"start":{"line":57,"column":62},"end":{"line":57,"column":66}}],"line":57}},"s":{"0":6,"1":2,"2":2,"3":4,"4":2,"5":2,"6":2,"7":2,"8":8,"9":2,"10":2,"11":2,"12":2,"13":5,"14":5,"15":5,"16":20,"17":20,"18":20,"19":20,"20":20,"21":1,"22":1,"23":1,"24":4,"25":16,"26":16,"27":4,"28":8,"29":4,"30":4,"31":1},"f":{"0":6,"1":2,"2":8,"3":2,"4":16,"5":8},"b":{"0":[2,4],"1":[2,2],"2":[4,4],"3":[20,0],"4":[1,19],"5":[20,20,20],"6":[16,0]},"_coverageSchema":"1a1c01bbd47fc00a2c39e90264f33305004495a9","hash":"fdd9b7278b6cd3536cb6c8bb9d10d8e49b6c9c5d"}
,"/Users/ming/Desktop/CryptoSniper/public/js/model.js": {"path":"/Users/ming/Desktop/CryptoSniper/public/js/model.js","statementMap":{"0":{"start":{"line":5,"column":18},"end":{"line":5,"column":20}},"1":{"start":{"line":7,"column":2},"end":{"line":41,"column":5}},"2":{"start":{"line":8,"column":25},"end":{"line":8,"column":43}},"3":{"start":{"line":10,"column":4},"end":{"line":12,"column":5}},"4":{"start":{"line":11,"column":6},"end":{"line":11,"column":13}},"5":{"start":{"line":14,"column":19},"end":{"line":14,"column":75}},"6":{"start":{"line":15,"column":21},"end":{"line":15,"column":74}},"7":{"start":{"line":15,"column":58},"end":{"line":15,"column":72}},"8":{"start":{"line":17,"column":4},"end":{"line":19,"column":5}},"9":{"start":{"line":18,"column":6},"end":{"line":18,"column":33}},"10":{"start":{"line":21,"column":4},"end":{"line":40,"column":7}},"11":{"start":{"line":22,"column":21},"end":{"line":22,"column":46}},"12":{"start":{"line":23,"column":26},"end":{"line":23,"column":58}},"13":{"start":{"line":25,"column":6},"end":{"line":27,"column":7}},"14":{"start":{"line":26,"column":8},"end":{"line":26,"column":15}},"15":{"start":{"line":29,"column":21},"end":{"line":29,"column":23}},"16":{"start":{"line":30,"column":6},"end":{"line":37,"column":9}},"17":{"start":{"line":31,"column":8},"end":{"line":36,"column":9}},"18":{"start":{"line":32,"column":28},"end":{"line":32,"column":55}},"19":{"start":{"line":34,"column":12},"end":{"line":34,"column":75}},"20":{"start":{"line":34,"column":43},"end":{"line":34,"column":52}},"21":{"start":{"line":35,"column":10},"end":{"line":35,"column":37}},"22":{"start":{"line":39,"column":6},"end":{"line":39,"column":53}},"23":{"start":{"line":43,"column":2},"end":{"line":43,"column":17}},"24":{"start":{"line":48,"column":18},"end":{"line":48,"column":20}},"25":{"start":{"line":49,"column":2},"end":{"line":106,"column":3}},"26":{"start":{"line":49,"column":15},"end":{"line":49,"column":16}},"27":{"start":{"line":50,"column":21},"end":{"line":50,"column":37}},"28":{"start":{"line":52,"column":25},"end":{"line":52,"column":50}},"29":{"start":{"line":53,"column":19},"end":{"line":53,"column":38}},"30":{"start":{"line":54,"column":19},"end":{"line":54,"column":38}},"31":{"start":{"line":55,"column":19},"end":{"line":55,"column":38}},"32":{"start":{"line":56,"column":19},"end":{"line":56,"column":38}},"33":{"start":{"line":57,"column":32},"end":{"line":57,"column":65}},"34":{"start":{"line":58,"column":32},"end":{"line":58,"column":65}},"35":{"start":{"line":59,"column":28},"end":{"line":59,"column":56}},"36":{"start":{"line":60,"column":22},"end":{"line":60,"column":42}},"37":{"start":{"line":62,"column":4},"end":{"line":64,"column":5}},"38":{"start":{"line":63,"column":6},"end":{"line":63,"column":15}},"39":{"start":{"line":66,"column":4},"end":{"line":105,"column":5}},"40":{"start":{"line":66,"column":17},"end":{"line":66,"column":18}},"41":{"start":{"line":67,"column":27},"end":{"line":67,"column":39}},"42":{"start":{"line":68,"column":21},"end":{"line":68,"column":43}},"43":{"start":{"line":69,"column":21},"end":{"line":69,"column":43}},"44":{"start":{"line":71,"column":18},"end":{"line":71,"column":52}},"45":{"start":{"line":72,"column":18},"end":{"line":72,"column":52}},"46":{"start":{"line":74,"column":6},"end":{"line":104,"column":7}},"47":{"start":{"line":75,"column":26},"end":{"line":75,"column":64}},"48":{"start":{"line":76,"column":8},"end":{"line":82,"column":9}},"49":{"start":{"line":77,"column":10},"end":{"line":79,"column":11}},"50":{"start":{"line":78,"column":12},"end":{"line":78,"column":39}},"51":{"start":{"line":81,"column":10},"end":{"line":81,"column":49}},"52":{"start":{"line":84,"column":20},"end":{"line":84,"column":54}},"53":{"start":{"line":85,"column":20},"end":{"line":85,"column":54}},"54":{"start":{"line":87,"column":27},"end":{"line":87,"column":65}},"55":{"start":{"line":88,"column":27},"end":{"line":88,"column":65}},"56":{"start":{"line":91,"column":8},"end":{"line":95,"column":9}},"57":{"start":{"line":92,"column":10},"end":{"line":92,"column":47}},"58":{"start":{"line":93,"column":15},"end":{"line":95,"column":9}},"59":{"start":{"line":94,"column":10},"end":{"line":94,"column":47}},"60":{"start":{"line":97,"column":8},"end":{"line":103,"column":9}},"61":{"start":{"line":98,"column":10},"end":{"line":100,"column":11}},"62":{"start":{"line":99,"column":12},"end":{"line":99,"column":39}},"63":{"start":{"line":102,"column":10},"end":{"line":102,"column":49}},"64":{"start":{"line":107,"column":2},"end":{"line":107,"column":17}},"65":{"start":{"line":112,"column":2},"end":{"line":127,"column":3}},"66":{"start":{"line":114,"column":6},"end":{"line":114,"column":23}},"67":{"start":{"line":116,"column":6},"end":{"line":116,"column":24}},"68":{"start":{"line":118,"column":6},"end":{"line":118,"column":23}},"69":{"start":{"line":120,"column":6},"end":{"line":120,"column":24}},"70":{"start":{"line":122,"column":6},"end":{"line":122,"column":24}},"71":{"start":{"line":124,"column":6},"end":{"line":124,"column":24}},"72":{"start":{"line":126,"column":6},"end":{"line":126,"column":53}},"73":{"start":{"line":132,"column":23},"end":{"line":132,"column":25}},"74":{"start":{"line":134,"column":26},"end":{"line":134,"column":79}},"75":{"start":{"line":134,"column":57},"end":{"line":134,"column":78}},"76":{"start":{"line":135,"column":16},"end":{"line":135,"column":38}},"77":{"start":{"line":138,"column":20},"end":{"line":138,"column":77}},"78":{"start":{"line":138,"column":54},"end":{"line":138,"column":76}},"79":{"start":{"line":139,"column":29},"end":{"line":139,"column":54}},"80":{"start":{"line":140,"column":34},"end":{"line":142,"column":3}},"81":{"start":{"line":141,"column":4},"end":{"line":141,"column":41}},"82":{"start":{"line":144,"column":2},"end":{"line":147,"column":3}},"83":{"start":{"line":146,"column":4},"end":{"line":146,"column":14}},"84":{"start":{"line":149,"column":2},"end":{"line":155,"column":3}},"85":{"start":{"line":149,"column":15},"end":{"line":149,"column":16}},"86":{"start":{"line":150,"column":21},"end":{"line":150,"column":54}},"87":{"start":{"line":151,"column":31},"end":{"line":153,"column":5}},"88":{"start":{"line":152,"column":16},"end":{"line":152,"column":30}},"89":{"start":{"line":154,"column":4},"end":{"line":154,"column":42}},"90":{"start":{"line":157,"column":2},"end":{"line":159,"column":3}},"91":{"start":{"line":158,"column":4},"end":{"line":158,"column":27}},"92":{"start":{"line":162,"column":23},"end":{"line":164,"column":4}},"93":{"start":{"line":163,"column":4},"end":{"line":163,"column":62}},"94":{"start":{"line":163,"column":34},"end":{"line":163,"column":60}},"95":{"start":{"line":166,"column":2},"end":{"line":166,"column":22}}},"fnMap":{"0":{"name":"calculateMA","decl":{"start":{"line":4,"column":9},"end":{"line":4,"column":20}},"loc":{"start":{"line":4,"column":51},"end":{"line":44,"column":1}},"line":4},"1":{"name":"(anonymous_1)","decl":{"start":{"line":7,"column":24},"end":{"line":7,"column":25}},"loc":{"start":{"line":7,"column":37},"end":{"line":41,"column":3}},"line":7},"2":{"name":"(anonymous_2)","decl":{"start":{"line":15,"column":47},"end":{"line":15,"column":48}},"loc":{"start":{"line":15,"column":58},"end":{"line":15,"column":72}},"line":15},"3":{"name":"(anonymous_3)","decl":{"start":{"line":21,"column":40},"end":{"line":21,"column":41}},"loc":{"start":{"line":21,"column":55},"end":{"line":40,"column":5}},"line":21},"4":{"name":"(anonymous_4)","decl":{"start":{"line":30,"column":21},"end":{"line":30,"column":22}},"loc":{"start":{"line":30,"column":32},"end":{"line":37,"column":7}},"line":30},"5":{"name":"(anonymous_5)","decl":{"start":{"line":34,"column":29},"end":{"line":34,"column":30}},"loc":{"start":{"line":34,"column":43},"end":{"line":34,"column":52}},"line":34},"6":{"name":"compareMAValues","decl":{"start":{"line":47,"column":9},"end":{"line":47,"column":24}},"loc":{"start":{"line":47,"column":48},"end":{"line":108,"column":1}},"line":47},"7":{"name":"compare","decl":{"start":{"line":111,"column":9},"end":{"line":111,"column":16}},"loc":{"start":{"line":111,"column":37},"end":{"line":128,"column":1}},"line":111},"8":{"name":"findIntersection","decl":{"start":{"line":131,"column":9},"end":{"line":131,"column":25}},"loc":{"start":{"line":131,"column":55},"end":{"line":167,"column":1}},"line":131},"9":{"name":"(anonymous_9)","decl":{"start":{"line":134,"column":47},"end":{"line":134,"column":48}},"loc":{"start":{"line":134,"column":57},"end":{"line":134,"column":78}},"line":134},"10":{"name":"(anonymous_10)","decl":{"start":{"line":138,"column":40},"end":{"line":138,"column":41}},"loc":{"start":{"line":138,"column":54},"end":{"line":138,"column":76}},"line":138},"11":{"name":"(anonymous_11)","decl":{"start":{"line":140,"column":50},"end":{"line":140,"column":51}},"loc":{"start":{"line":141,"column":4},"end":{"line":141,"column":41}},"line":141},"12":{"name":"(anonymous_12)","decl":{"start":{"line":152,"column":6},"end":{"line":152,"column":7}},"loc":{"start":{"line":152,"column":16},"end":{"line":152,"column":30}},"line":152},"13":{"name":"(anonymous_13)","decl":{"start":{"line":162,"column":43},"end":{"line":162,"column":44}},"loc":{"start":{"line":162,"column":63},"end":{"line":164,"column":3}},"line":162},"14":{"name":"(anonymous_14)","decl":{"start":{"line":163,"column":22},"end":{"line":163,"column":23}},"loc":{"start":{"line":163,"column":34},"end":{"line":163,"column":60}},"line":163}},"branchMap":{"0":{"loc":{"start":{"line":10,"column":4},"end":{"line":12,"column":5}},"type":"if","locations":[{"start":{"line":10,"column":4},"end":{"line":12,"column":5}},{"start":{},"end":{}}],"line":10},"1":{"loc":{"start":{"line":17,"column":4},"end":{"line":19,"column":5}},"type":"if","locations":[{"start":{"line":17,"column":4},"end":{"line":19,"column":5}},{"start":{},"end":{}}],"line":17},"2":{"loc":{"start":{"line":25,"column":6},"end":{"line":27,"column":7}},"type":"if","locations":[{"start":{"line":25,"column":6},"end":{"line":27,"column":7}},{"start":{},"end":{}}],"line":25},"3":{"loc":{"start":{"line":31,"column":8},"end":{"line":36,"column":9}},"type":"if","locations":[{"start":{"line":31,"column":8},"end":{"line":36,"column":9}},{"start":{},"end":{}}],"line":31},"4":{"loc":{"start":{"line":62,"column":4},"end":{"line":64,"column":5}},"type":"if","locations":[{"start":{"line":62,"column":4},"end":{"line":64,"column":5}},{"start":{},"end":{}}],"line":62},"5":{"loc":{"start":{"line":74,"column":6},"end":{"line":104,"column":7}},"type":"if","locations":[{"start":{"line":74,"column":6},"end":{"line":104,"column":7}},{"start":{"line":83,"column":13},"end":{"line":104,"column":7}}],"line":74},"6":{"loc":{"start":{"line":74,"column":10},"end":{"line":74,"column":44}},"type":"binary-expr","locations":[{"start":{"line":74,"column":10},"end":{"line":74,"column":25}},{"start":{"line":74,"column":29},"end":{"line":74,"column":44}}],"line":74},"7":{"loc":{"start":{"line":76,"column":8},"end":{"line":82,"column":9}},"type":"if","locations":[{"start":{"line":76,"column":8},"end":{"line":82,"column":9}},{"start":{},"end":{}}],"line":76},"8":{"loc":{"start":{"line":77,"column":10},"end":{"line":79,"column":11}},"type":"if","locations":[{"start":{"line":77,"column":10},"end":{"line":79,"column":11}},{"start":{},"end":{}}],"line":77},"9":{"loc":{"start":{"line":91,"column":8},"end":{"line":95,"column":9}},"type":"if","locations":[{"start":{"line":91,"column":8},"end":{"line":95,"column":9}},{"start":{"line":93,"column":15},"end":{"line":95,"column":9}}],"line":91},"10":{"loc":{"start":{"line":92,"column":22},"end":{"line":92,"column":46}},"type":"binary-expr","locations":[{"start":{"line":92,"column":22},"end":{"line":92,"column":32}},{"start":{"line":92,"column":36},"end":{"line":92,"column":46}}],"line":92},"11":{"loc":{"start":{"line":93,"column":15},"end":{"line":95,"column":9}},"type":"if","locations":[{"start":{"line":93,"column":15},"end":{"line":95,"column":9}},{"start":{},"end":{}}],"line":93},"12":{"loc":{"start":{"line":94,"column":22},"end":{"line":94,"column":46}},"type":"binary-expr","locations":[{"start":{"line":94,"column":22},"end":{"line":94,"column":32}},{"start":{"line":94,"column":36},"end":{"line":94,"column":46}}],"line":94},"13":{"loc":{"start":{"line":97,"column":8},"end":{"line":103,"column":9}},"type":"if","locations":[{"start":{"line":97,"column":8},"end":{"line":103,"column":9}},{"start":{},"end":{}}],"line":97},"14":{"loc":{"start":{"line":98,"column":10},"end":{"line":100,"column":11}},"type":"if","locations":[{"start":{"line":98,"column":10},"end":{"line":100,"column":11}},{"start":{},"end":{}}],"line":98},"15":{"loc":{"start":{"line":112,"column":2},"end":{"line":127,"column":3}},"type":"switch","locations":[{"start":{"line":113,"column":4},"end":{"line":114,"column":23}},{"start":{"line":115,"column":4},"end":{"line":116,"column":24}},{"start":{"line":117,"column":4},"end":{"line":118,"column":23}},{"start":{"line":119,"column":4},"end":{"line":120,"column":24}},{"start":{"line":121,"column":4},"end":{"line":122,"column":24}},{"start":{"line":123,"column":4},"end":{"line":124,"column":24}},{"start":{"line":125,"column":4},"end":{"line":126,"column":53}}],"line":112},"16":{"loc":{"start":{"line":144,"column":2},"end":{"line":147,"column":3}},"type":"if","locations":[{"start":{"line":144,"column":2},"end":{"line":147,"column":3}},{"start":{},"end":{}}],"line":144},"17":{"loc":{"start":{"line":157,"column":2},"end":{"line":159,"column":3}},"type":"if","locations":[{"start":{"line":157,"column":2},"end":{"line":159,"column":3}},{"start":{},"end":{}}],"line":157}},"s":{"0":4,"1":4,"2":16,"3":16,"4":9,"5":7,"6":7,"7":28,"8":7,"9":7,"10":7,"11":7,"12":7,"13":7,"14":2,"15":5,"16":5,"17":20,"18":5,"19":5,"20":19,"21":5,"22":5,"23":4,"24":4,"25":4,"26":4,"27":16,"28":16,"29":16,"30":16,"31":16,"32":16,"33":16,"34":16,"35":16,"36":16,"37":16,"38":9,"39":7,"40":7,"41":18,"42":18,"43":18,"44":18,"45":18,"46":18,"47":7,"48":7,"49":2,"50":2,"51":2,"52":11,"53":11,"54":11,"55":11,"56":11,"57":3,"58":8,"59":8,"60":11,"61":9,"62":4,"63":9,"64":4,"65":29,"66":10,"67":0,"68":19,"69":0,"70":0,"71":0,"72":0,"73":4,"74":4,"75":7,"76":4,"77":4,"78":7,"79":4,"80":4,"81":6,"82":4,"83":1,"84":3,"85":3,"86":5,"87":5,"88":8,"89":5,"90":3,"91":1,"92":2,"93":2,"94":3,"95":2},"f":{"0":4,"1":16,"2":28,"3":7,"4":20,"5":19,"6":4,"7":29,"8":4,"9":7,"10":7,"11":6,"12":8,"13":2,"14":3},"b":{"0":[9,7],"1":[7,0],"2":[2,5],"3":[5,15],"4":[9,7],"5":[7,11],"6":[18,11],"7":[2,5],"8":[2,0],"9":[3,8],"10":[3,2],"11":[8,0],"12":[8,3],"13":[9,2],"14":[4,5],"15":[10,0,19,0,0,0,0],"16":[1,3],"17":[1,2]},"_coverageSchema":"1a1c01bbd47fc00a2c39e90264f33305004495a9","hash":"3bbdc0cb4f23412e54d1cfc3a581a9e642a6ede3"}
}
