TN:
SF:public/js/helpers.js
FN:4,formatVolume
FN:20,sortResultsByVolume
FN:21,(anonymous_2)
FN:29,extractFilterConditions
FN:55,(anonymous_4)
FN:60,(anonymous_5)
FNF:6
FNH:6
FNDA:6,formatVolume
FNDA:2,sortResultsByVolume
FNDA:8,(anonymous_2)
FNDA:2,extractFilterConditions
FNDA:16,(anonymous_4)
FNDA:8,(anonymous_5)
DA:5,6
DA:7,2
DA:8,2
DA:9,4
DA:11,2
DA:12,2
DA:15,2
DA:21,2
DA:22,8
DA:30,2
DA:31,2
DA:33,2
DA:34,5
DA:36,5
DA:37,20
DA:38,20
DA:40,20
DA:41,20
DA:43,20
DA:48,1
DA:49,1
DA:50,1
DA:55,4
DA:56,16
DA:57,16
DA:60,8
DA:66,4
DA:70,4
DA:81,1
LF:29
LH:29
BRDA:5,0,0,2
BRDA:5,0,1,4
BRDA:9,1,0,2
BRDA:9,1,1,2
BRDA:22,2,0,4
BRDA:22,2,1,4
BRDA:40,3,0,20
BRDA:40,3,1,0
BRDA:43,4,0,1
BRDA:43,4,1,19
BRDA:44,5,0,20
BRDA:44,5,1,20
BRDA:44,5,2,20
BRDA:57,6,0,16
BRDA:57,6,1,0
BRF:15
BRH:13
end_of_record
TN:
SF:public/js/model.js
FN:4,calculateMA
FN:7,(anonymous_1)
FN:15,(anonymous_2)
FN:21,(anonymous_3)
FN:30,(anonymous_4)
FN:34,(anonymous_5)
FN:47,compareMAValues
FN:111,compare
FN:131,findIntersection
FN:133,(anonymous_9)
FN:138,(anonymous_10)
FN:148,(anonymous_11)
FN:149,(anonymous_12)
FNF:13
FNH:13
FNDA:4,calculateMA
FNDA:16,(anonymous_1)
FNDA:28,(anonymous_2)
FNDA:7,(anonymous_3)
FNDA:20,(anonymous_4)
FNDA:19,(anonymous_5)
FNDA:4,compareMAValues
FNDA:29,compare
FNDA:4,findIntersection
FNDA:7,(anonymous_9)
FNDA:9,(anonymous_10)
FNDA:3,(anonymous_11)
FNDA:3,(anonymous_12)
DA:5,4
DA:7,4
DA:8,16
DA:10,16
DA:11,9
DA:14,7
DA:15,28
DA:17,7
DA:18,7
DA:21,7
DA:22,7
DA:23,7
DA:25,7
DA:26,2
DA:29,5
DA:30,5
DA:31,20
DA:32,5
DA:34,19
DA:35,5
DA:39,5
DA:43,4
DA:48,4
DA:49,4
DA:50,16
DA:52,16
DA:53,16
DA:54,16
DA:55,16
DA:56,16
DA:57,16
DA:58,16
DA:59,16
DA:60,16
DA:62,16
DA:63,9
DA:66,7
DA:67,18
DA:68,18
DA:69,18
DA:71,18
DA:72,18
DA:74,18
DA:75,7
DA:76,7
DA:77,2
DA:78,2
DA:81,2
DA:84,11
DA:85,11
DA:87,11
DA:88,11
DA:91,11
DA:92,3
DA:93,8
DA:94,8
DA:97,11
DA:98,9
DA:99,4
DA:102,9
DA:107,4
DA:112,29
DA:114,10
DA:116,0
DA:118,19
DA:120,0
DA:122,0
DA:124,0
DA:126,0
DA:132,4
DA:133,7
DA:135,4
DA:136,7
DA:137,7
DA:138,9
DA:140,7
DA:143,4
DA:144,1
DA:148,3
DA:149,3
DA:152,3
LF:81
LH:76
BRDA:10,0,0,9
BRDA:10,0,1,7
BRDA:17,1,0,7
BRDA:17,1,1,0
BRDA:25,2,0,2
BRDA:25,2,1,5
BRDA:31,3,0,5
BRDA:31,3,1,15
BRDA:62,4,0,9
BRDA:62,4,1,7
BRDA:74,5,0,7
BRDA:74,5,1,11
BRDA:74,6,0,18
BRDA:74,6,1,11
BRDA:76,7,0,2
BRDA:76,7,1,5
BRDA:77,8,0,2
BRDA:77,8,1,0
BRDA:91,9,0,3
BRDA:91,9,1,8
BRDA:92,10,0,3
BRDA:92,10,1,2
BRDA:93,11,0,8
BRDA:93,11,1,0
BRDA:94,12,0,8
BRDA:94,12,1,3
BRDA:97,13,0,9
BRDA:97,13,1,2
BRDA:98,14,0,4
BRDA:98,14,1,5
BRDA:112,15,0,10
BRDA:112,15,1,0
BRDA:112,15,2,19
BRDA:112,15,3,0
BRDA:112,15,4,0
BRDA:112,15,5,0
BRDA:112,15,6,0
BRDA:143,16,0,1
BRDA:143,16,1,3
BRF:39
BRH:31
end_of_record
